<?xml version="1.0" encoding="UTF-8"?>
<!-- Generated by org.testng.reporters.JUnitReportReporter -->
<testsuite skipped="0" hostname="DESKTOP-O7CDP7E" name="com.automation.testscipts.PageObjectModel.TC_1BookATicket" tests="1" failures="0" timestamp="2019-11-14T16:16:07 IST" time="12.696" errors="0">
  <testcase name="BookTicket" time="12.696" classname="com.automation.testscipts.PageObjectModel.TC_1BookATicket"/>
</testsuite> <!-- com.automation.testscipts.PageObjectModel.TC_1BookATicket -->
