<?xml version="1.0" encoding="UTF-8"?>
<!-- Generated by org.testng.reporters.JUnitReportReporter -->
<testsuite skipped="0" hostname="DESKTOP-O7CDP7E" name="com.automation.testscipts.datadriven.TC2CreateEmployee" tests="1" failures="0" timestamp="2019-11-13T15:58:46 IST" time="10.706" errors="0">
  <testcase name="createEmployee" time="10.706" classname="com.automation.testscipts.datadriven.TC2CreateEmployee"/>
</testsuite> <!-- com.automation.testscipts.datadriven.TC2CreateEmployee -->
