<?xml version="1.0" encoding="UTF-8"?>
<!-- Generated by org.testng.reporters.JUnitReportReporter -->
<testsuite skipped="0" hostname="DESKTOP-O7CDP7E" name="com.automation.testscipts.datadriven.TCDataProvider" tests="2" failures="0" timestamp="2019-11-14T14:29:29 IST" time="58.772" errors="0">
  <testcase name="createEmployee" time="13.902" classname="com.automation.testscipts.datadriven.TCDataProvider"/>
  <testcase name="createEmployee" time="44.870" classname="com.automation.testscipts.datadriven.TCDataProvider"/>
</testsuite> <!-- com.automation.testscipts.datadriven.TCDataProvider -->
