<?xml version="1.0" encoding="UTF-8"?>
<!-- Generated by org.testng.reporters.JUnitReportReporter -->
<testsuite skipped="0" hostname="DESKTOP-O7CDP7E" name="com.automation.testscipts.HybridAutomation.TC_01CreateEmployee" tests="2" failures="0" timestamp="2019-11-15T19:59:40 IST" time="28.155" errors="0">
  <testcase name="createEmployee" time="11.528" classname="com.automation.testscipts.HybridAutomation.TC_01CreateEmployee"/>
  <testcase name="createEmployee" time="16.627" classname="com.automation.testscipts.HybridAutomation.TC_01CreateEmployee"/>
</testsuite> <!-- com.automation.testscipts.HybridAutomation.TC_01CreateEmployee -->
