<?xml version="1.0" encoding="UTF-8"?>
<!-- Generated by org.testng.reporters.JUnitReportReporter -->
<testsuite skipped="1" hostname="DESKTOP-O7CDP7E" name="com.automation.testscipts.KeyWord.KeyWordDriven" tests="1" failures="0" timestamp="2019-11-17T14:59:45 IST" time="0.000" errors="0">
  <testcase name="test" time="0.000" classname="com.automation.testscipts.KeyWord.KeyWordDriven">
    <skipped/>
  </testcase> <!-- test -->
</testsuite> <!-- com.automation.testscipts.KeyWord.KeyWordDriven -->
